#
# There is insufficient memory for the Java Runtime Environment to continue.
# Native memory allocation (malloc) failed to allocate 171936 bytes for Chunk::new
# Possible reasons:
#   The system is out of physical RAM or swap space
#   In 32 bit mode, the process size limit was hit
# Possible solutions:
#   Reduce memory load on the system
#   Increase physical memory or swap space
#   Check if swap backing store is full
#   Use 64 bit Java on a 64 bit OS
#   Decrease Java heap size (-Xmx/-Xms)
#   Decrease number of Java threads
#   Decrease Java thread stack sizes (-Xss)
#   Set larger code cache with -XX:ReservedCodeCacheSize=
# This output file may be truncated or incomplete.
#
#  Out of Memory Error (allocation.cpp:390), pid=5980, tid=0x00000000000026dc
#
# JRE version: Java(TM) SE Runtime Environment (8.0_191-b12) (build 1.8.0_191-b12)
# Java VM: Java HotSpot(TM) 64-Bit Server VM (25.191-b12 mixed mode windows-amd64 compressed oops)
# Failed to write core dump. Minidumps are not enabled by default on client versions of Windows
#

---------------  T H R E A D  ---------------

Current thread (0x0000000019f6e800):  JavaThread "C2 CompilerThread1" daemon [_thread_in_native, id=9948, stack(0x000000001a8b0000,0x000000001a9b0000)]

Stack: [0x000000001a8b0000,0x000000001a9b0000]
[error occurred during error reporting (printing stack bounds), id 0xc0000005]

Native frames: (J=compiled Java code, j=interpreted, Vv=VM code, C=native code)


Current CompileTask:
C2:   1866  506  s!   4       sun.misc.URLClassPath::getLoader (243 bytes)


---------------  P R O C E S S  ---------------

Java Threads: ( => current thread )
  0x000000001a033800 JavaThread "Service Thread" daemon [_thread_blocked, id=10432, stack(0x000000001abb0000,0x000000001acb0000)]
  0x0000000019f7f000 JavaThread "C1 CompilerThread3" daemon [_thread_blocked, id=2308, stack(0x000000001aab0000,0x000000001abb0000)]
  0x0000000019f7b000 JavaThread "C2 CompilerThread2" daemon [_thread_blocked, id=5656, stack(0x000000001a9b0000,0x000000001aab0000)]
=>0x0000000019f6e800 JavaThread "C2 CompilerThread1" daemon [_thread_in_native, id=9948, stack(0x000000001a8b0000,0x000000001a9b0000)]
  0x0000000019f6d800 JavaThread "C2 CompilerThread0" daemon [_thread_blocked, id=4628, stack(0x000000001a7b0000,0x000000001a8b0000)]
  0x0000000019f76000 JavaThread "Monitor Ctrl-Break" daemon [_thread_in_native, id=2548, stack(0x000000001a6b0000,0x000000001a7b0000)]
  0x0000000019eea000 JavaThread "Attach Listener" daemon [_thread_blocked, id=10280, stack(0x000000001a5b0000,0x000000001a6b0000)]
  0x0000000019ee9800 JavaThread "Signal Dispatcher" daemon [_thread_blocked, id=3976, stack(0x000000001a4b0000,0x000000001a5b0000)]
  0x0000000019ed1000 JavaThread "Finalizer" daemon [_thread_blocked, id=404, stack(0x000000001a3b0000,0x000000001a4b0000)]
  0x0000000019ed0800 JavaThread "Reference Handler" daemon [_thread_blocked, id=1472, stack(0x000000001a2b0000,0x000000001a3b0000)]
  0x0000000003273000 JavaThread "main" [_thread_in_native, id=5896, stack(0x0000000003030000,0x0000000003130000)]

Other Threads:
  0x00000000180c9800 VMThread [stack: 0x0000000019db0000,0x0000000019eb0000] [id=5892]
  0x000000001a039800 WatcherThread [stack: 0x000000001acb0000,0x000000001adb0000] [id=10904]

VM state:not at safepoint (normal execution)

VM Mutex/Monitor currently owned by a thread: None

Heap:
 PSYoungGen      total 36864K, used 2134K [0x00000000d7180000, 0x00000000d9a80000, 0x0000000100000000)
  eden space 31744K, 6% used [0x00000000d7180000,0x00000000d7395a90,0x00000000d9080000)
  from space 5120K, 0% used [0x00000000d9080000,0x00000000d9080000,0x00000000d9580000)
  to   space 5120K, 0% used [0x00000000d9580000,0x00000000d9580000,0x00000000d9a80000)
 ParOldGen       total 35840K, used 3711K [0x0000000085400000, 0x0000000087700000, 0x00000000d7180000)
  object space 35840K, 10% used [0x0000000085400000,0x000000008579fe28,0x0000000087700000)
 Metaspace       used 9739K, capacity 9958K, committed 10240K, reserved 1060864K
  class space    used 1155K, capacity 1206K, committed 1280K, reserved 1048576K

Card table byte_map: [0x0000000012730000,0x0000000012b10000] byte_map_base: 0x0000000012306000

Marking Bits: (ParMarkBitMap*) 0x0000000053f23e30
 Begin Bits: [0x00000000135a0000, 0x0000000015450000)
 End Bits:   [0x0000000015450000, 0x0000000017300000)

Polling page: 0x0000000000e00000

CodeCache: size=245760Kb used=2625Kb max_used=2625Kb free=243134Kb
 bounds [0x0000000003370000, 0x0000000003610000, 0x0000000012370000]
 total_blobs=859 nmethods=546 adapters=226
 compilation: enabled

Compilation events (10 events):
Event: 1.816 Thread 0x0000000019f7f000 nmethod 529 0x00000000035f2190 code [0x00000000035f2320, 0x00000000035f2718]
Event: 1.816 Thread 0x0000000019f7f000  530       3       java.util.Properties::getProperty (46 bytes)
Event: 1.816 Thread 0x0000000019f7f000 nmethod 530 0x00000000035f1a50 code [0x00000000035f1be0, 0x00000000035f2098]
Event: 1.816 Thread 0x0000000019f7f000  531       1       com.sun.org.apache.xerces.internal.utils.XMLSecurityManager$Limit::systemProperty (5 bytes)
Event: 1.816 Thread 0x0000000019f7f000 nmethod 531 0x00000000035f1790 code [0x00000000035f18e0, 0x00000000035f19f0]
Event: 1.817 Thread 0x0000000019f7f000  532       3       java.util.Arrays::fill (28 bytes)
Event: 1.818 Thread 0x0000000019f7f000 nmethod 532 0x00000000035f1010 code [0x00000000035f1180, 0x00000000035f13e8]
Event: 1.818 Thread 0x0000000019f7f000  533       3       java.util.Arrays::rangeCheck (74 bytes)
Event: 1.818 Thread 0x0000000019f7b000  534 %     4       java.util.Arrays::fill @ 10 (28 bytes)
Event: 1.818 Thread 0x0000000019f7f000 nmethod 533 0x00000000035f7790 code [0x00000000035f79e0, 0x00000000035f8728]

GC Heap History (4 events):
Event: 1.795 GC heap before
{Heap before GC invocations=1 (full 0):
 PSYoungGen      total 36864K, used 28182K [0x00000000d7180000, 0x00000000d9a80000, 0x0000000100000000)
  eden space 31744K, 88% used [0x00000000d7180000,0x00000000d8d05b08,0x00000000d9080000)
  from space 5120K, 0% used [0x00000000d9580000,0x00000000d9580000,0x00000000d9a80000)
  to   space 5120K, 0% used [0x00000000d9080000,0x00000000d9080000,0x00000000d9580000)
 ParOldGen       total 84992K, used 0K [0x0000000085400000, 0x000000008a700000, 0x00000000d7180000)
  object space 84992K, 0% used [0x0000000085400000,0x0000000085400000,0x000000008a700000)
 Metaspace       used 8303K, capacity 8454K, committed 8576K, reserved 1062912K
  class space    used 1000K, capacity 1046K, committed 1152K, reserved 1048576K
Event: 1.798 GC heap after
Heap after GC invocations=1 (full 0):
 PSYoungGen      total 36864K, used 3978K [0x00000000d7180000, 0x00000000d9a80000, 0x0000000100000000)
  eden space 31744K, 0% used [0x00000000d7180000,0x00000000d7180000,0x00000000d9080000)
  from space 5120K, 77% used [0x00000000d9080000,0x00000000d94628d8,0x00000000d9580000)
  to   space 5120K, 0% used [0x00000000d9580000,0x00000000d9580000,0x00000000d9a80000)
 ParOldGen       total 84992K, used 8K [0x0000000085400000, 0x000000008a700000, 0x00000000d7180000)
  object space 84992K, 0% used [0x0000000085400000,0x0000000085402000,0x000000008a700000)
 Metaspace       used 8303K, capacity 8454K, committed 8576K, reserved 1062912K
  class space    used 1000K, capacity 1046K, committed 1152K, reserved 1048576K
}
Event: 1.798 GC heap before
{Heap before GC invocations=2 (full 1):
 PSYoungGen      total 36864K, used 3978K [0x00000000d7180000, 0x00000000d9a80000, 0x0000000100000000)
  eden space 31744K, 0% used [0x00000000d7180000,0x00000000d7180000,0x00000000d9080000)
  from space 5120K, 77% used [0x00000000d9080000,0x00000000d94628d8,0x00000000d9580000)
  to   space 5120K, 0% used [0x00000000d9580000,0x00000000d9580000,0x00000000d9a80000)
 ParOldGen       total 84992K, used 8K [0x0000000085400000, 0x000000008a700000, 0x00000000d7180000)
  object space 84992K, 0% used [0x0000000085400000,0x0000000085402000,0x000000008a700000)
 Metaspace       used 8303K, capacity 8454K, committed 8576K, reserved 1062912K
  class space    used 1000K, capacity 1046K, committed 1152K, reserved 1048576K
Event: 1.809 GC heap after
Heap after GC invocations=2 (full 1):
 PSYoungGen      total 36864K, used 0K [0x00000000d7180000, 0x00000000d9a80000, 0x0000000100000000)
  eden space 31744K, 0% used [0x00000000d7180000,0x00000000d7180000,0x00000000d9080000)
  from space 5120K, 0% used [0x00000000d9080000,0x00000000d9080000,0x00000000d9580000)
  to   space 5120K, 0% used [0x00000000d9580000,0x00000000d9580000,0x00000000d9a80000)
 ParOldGen       total 35840K, used 3711K [0x0000000085400000, 0x0000000087700000, 0x00000000d7180000)
  object space 35840K, 10% used [0x0000000085400000,0x000000008579fe28,0x0000000087700000)
 Metaspace       used 8303K, capacity 8454K, committed 8576K, reserved 1060864K
  class space    used 1000K, capacity 1046K, committed 1152K, reserved 1048576K
}

Deoptimization events (4 events):
Event: 1.327 Thread 0x0000000003273000 Uncommon trap: reason=unstable_if action=reinterpret pc=0x000000000353e17c method=java.util.HashMap.getNode(ILjava/lang/Object;)Ljava/util/HashMap$Node; @ 129
Event: 1.433 Thread 0x0000000003273000 Uncommon trap: reason=unstable_if action=reinterpret pc=0x0000000003531784 method=sun.misc.MetaIndex.mayContain(Ljava/lang/String;)Z @ 38
Event: 1.434 Thread 0x0000000003273000 Uncommon trap: reason=unstable_if action=reinterpret pc=0x0000000003518ed8 method=sun.misc.MetaIndex.mayContain(Ljava/lang/String;)Z @ 38
Event: 1.687 Thread 0x0000000003273000 Uncommon trap: reason=range_check action=make_not_entrant pc=0x00000000035a5360 method=sun.reflect.generics.parser.SignatureParser.current()C @ 34

Classes redefined (0 events):
No events

Internal exceptions (10 events):
Event: 1.704 Thread 0x0000000003273000 Exception <a 'java/lang/ArrayIndexOutOfBoundsException'> (0x00000000d88b07a0) thrown at [C:\re\workspace\8-2-build-windows-amd64-cygwin\jdk8u191\11896\hotspot\src\share\vm\runtime\sharedRuntime.cpp, line 605]
Event: 1.704 Thread 0x0000000003273000 Exception <a 'java/lang/ArrayIndexOutOfBoundsException'> (0x00000000d88b1ac0) thrown at [C:\re\workspace\8-2-build-windows-amd64-cygwin\jdk8u191\11896\hotspot\src\share\vm\runtime\sharedRuntime.cpp, line 605]
Event: 1.706 Thread 0x0000000003273000 Exception <a 'java/lang/ArrayIndexOutOfBoundsException'> (0x00000000d88bb898) thrown at [C:\re\workspace\8-2-build-windows-amd64-cygwin\jdk8u191\11896\hotspot\src\share\vm\runtime\sharedRuntime.cpp, line 605]
Event: 1.707 Thread 0x0000000003273000 Exception <a 'java/lang/ArrayIndexOutOfBoundsException'> (0x00000000d88c8498) thrown at [C:\re\workspace\8-2-build-windows-amd64-cygwin\jdk8u191\11896\hotspot\src\share\vm\runtime\sharedRuntime.cpp, line 605]
Event: 1.709 Thread 0x0000000003273000 Exception <a 'java/lang/ArrayIndexOutOfBoundsException'> (0x00000000d88d31d8) thrown at [C:\re\workspace\8-2-build-windows-amd64-cygwin\jdk8u191\11896\hotspot\src\share\vm\runtime\sharedRuntime.cpp, line 605]
Event: 1.710 Thread 0x0000000003273000 Exception <a 'java/lang/ArrayIndexOutOfBoundsException'> (0x00000000d88e05c0) thrown at [C:\re\workspace\8-2-build-windows-amd64-cygwin\jdk8u191\11896\hotspot\src\share\vm\runtime\sharedRuntime.cpp, line 605]
Event: 1.711 Thread 0x0000000003273000 Exception <a 'java/lang/ArrayIndexOutOfBoundsException'> (0x00000000d88f2a28) thrown at [C:\re\workspace\8-2-build-windows-amd64-cygwin\jdk8u191\11896\hotspot\src\share\vm\runtime\sharedRuntime.cpp, line 605]
Event: 1.712 Thread 0x0000000003273000 Exception <a 'java/lang/ArrayIndexOutOfBoundsException'> (0x00000000d88fd6c0) thrown at [C:\re\workspace\8-2-build-windows-amd64-cygwin\jdk8u191\11896\hotspot\src\share\vm\runtime\sharedRuntime.cpp, line 605]
Event: 1.712 Thread 0x0000000003273000 Exception <a 'java/lang/ArrayIndexOutOfBoundsException'> (0x00000000d89082f8) thrown at [C:\re\workspace\8-2-build-windows-amd64-cygwin\jdk8u191\11896\hotspot\src\share\vm\runtime\sharedRuntime.cpp, line 605]
Event: 1.713 Thread 0x0000000003273000 Exception <a 'java/lang/ArrayIndexOutOfBoundsException'> (0x00000000d8911fd0) thrown at [C:\re\workspace\8-2-build-windows-amd64-cygwin\jdk8u191\11896\hotspot\src\share\vm\runtime\sharedRuntime.cpp, line 605]

Events (10 events):
Event: 1.819 loading class com/sun/org/apache/xerces/internal/xs/ItemPSVI
Event: 1.819 loading class com/sun/org/apache/xerces/internal/xs/ItemPSVI done
Event: 1.819 loading class com/sun/org/apache/xerces/internal/xs/ElementPSVI done
Event: 1.819 loading class com/sun/org/apache/xerces/internal/impl/xs/ElementPSVImpl done
Event: 1.819 loading class com/sun/org/apache/xerces/internal/impl/xs/XMLSchemaValidator$XSIErrorReporter
Event: 1.819 loading class com/sun/org/apache/xerces/internal/impl/xs/XMLSchemaValidator$XSIErrorReporter done
Event: 1.819 loading class com/sun/org/apache/xerces/internal/impl/xs/XSDDescription
Event: 1.819 loading class com/sun/org/apache/xerces/internal/xni/grammars/XMLSchemaDescription
Event: 1.819 loading class com/sun/org/apache/xerces/internal/xni/grammars/XMLSchemaDescription done
Event: 1.819 loading class com/sun/org/apache/xerces/internal/impl/xs/XSDDescription done


Dynamic libraries:
0x00007ff60d590000 - 0x00007ff60d5c7000 	D:\Java\jdk1.8.0_191\bin\java.exe
0x00007ffd9beb0000 - 0x00007ffd9c081000 	C:\Windows\SYSTEM32\ntdll.dll
0x00007ffd9bd90000 - 0x00007ffd9be3b000 	C:\Windows\System32\KERNEL32.DLL
0x00007ffd98f40000 - 0x00007ffd9915d000 	C:\Windows\System32\KERNELBASE.dll
0x00007ffd99440000 - 0x00007ffd994e2000 	C:\Windows\System32\ADVAPI32.dll
0x00007ffd99e60000 - 0x00007ffd99efe000 	C:\Windows\System32\msvcrt.dll
0x00007ffd9a7c0000 - 0x00007ffd9a819000 	C:\Windows\System32\sechost.dll
0x00007ffd99640000 - 0x00007ffd99761000 	C:\Windows\System32\RPCRT4.dll
0x00007ffd99fd0000 - 0x00007ffd9a135000 	C:\Windows\System32\USER32.dll
0x00007ffd98c50000 - 0x00007ffd98c6e000 	C:\Windows\System32\win32u.dll
0x00007ffd99e20000 - 0x00007ffd99e54000 	C:\Windows\System32\GDI32.dll
0x00007ffd992b0000 - 0x00007ffd99432000 	C:\Windows\System32\gdi32full.dll
0x00007ffd8c090000 - 0x00007ffd8c309000 	C:\Windows\WinSxS\amd64_microsoft.windows.common-controls_6595b64144ccf1df_6.0.14393.447_none_42191651c6827bb3\COMCTL32.dll
0x00007ffd99b50000 - 0x00007ffd99e18000 	C:\Windows\System32\combase.dll
0x00007ffd98d90000 - 0x00007ffd98e85000 	C:\Windows\System32\ucrtbase.dll
0x00007ffd98d20000 - 0x00007ffd98d8a000 	C:\Windows\System32\bcryptPrimitives.dll
0x00007ffd99b20000 - 0x00007ffd99b4e000 	C:\Windows\System32\IMM32.DLL
0x00000000547f0000 - 0x00000000548c2000 	D:\Java\jdk1.8.0_191\jre\bin\msvcr100.dll
0x0000000053700000 - 0x0000000053fa4000 	D:\Java\jdk1.8.0_191\jre\bin\server\jvm.dll
0x00007ffd9a570000 - 0x00007ffd9a578000 	C:\Windows\System32\PSAPI.DLL
0x00007ffd88b70000 - 0x00007ffd88b79000 	C:\Windows\SYSTEM32\WSOCK32.dll
0x00007ffd90220000 - 0x00007ffd9022a000 	C:\Windows\SYSTEM32\VERSION.dll
0x00007ffd966a0000 - 0x00007ffd966c3000 	C:\Windows\SYSTEM32\WINMM.dll
0x00007ffd9be40000 - 0x00007ffd9beaa000 	C:\Windows\System32\WS2_32.dll
0x00007ffd96640000 - 0x00007ffd9666b000 	C:\Windows\SYSTEM32\WINMMBASE.dll
0x00007ffd98c70000 - 0x00007ffd98cb2000 	C:\Windows\System32\cfgmgr32.dll
0x00000000547e0000 - 0x00000000547ef000 	D:\Java\jdk1.8.0_191\jre\bin\verify.dll
0x00000000547b0000 - 0x00000000547d9000 	D:\Java\jdk1.8.0_191\jre\bin\java.dll
0x0000000054760000 - 0x0000000054783000 	D:\Java\jdk1.8.0_191\jre\bin\instrument.dll
0x0000000054790000 - 0x00000000547a6000 	D:\Java\jdk1.8.0_191\jre\bin\zip.dll
0x00007ffd9a880000 - 0x00007ffd9bd89000 	C:\Windows\System32\SHELL32.dll
0x00007ffd983a0000 - 0x00007ffd98a7a000 	C:\Windows\System32\windows.storage.dll
0x00007ffd98350000 - 0x00007ffd9839c000 	C:\Windows\System32\powrprof.dll
0x00007ffd9a820000 - 0x00007ffd9a872000 	C:\Windows\System32\shlwapi.dll
0x00007ffd98340000 - 0x00007ffd9834f000 	C:\Windows\System32\kernel.appcore.dll
0x00007ffd99160000 - 0x00007ffd99209000 	C:\Windows\System32\shcore.dll
0x00007ffd98310000 - 0x00007ffd98324000 	C:\Windows\System32\profapi.dll
0x00007ffd8bc40000 - 0x00007ffd8bc5a000 	F:\IntelliJ IDEA 2018.2.5\bin\breakgen64.dll
0x0000000054740000 - 0x000000005475a000 	D:\Java\jdk1.8.0_191\jre\bin\net.dll
0x00007ffd97c20000 - 0x00007ffd97c7c000 	C:\Windows\system32\mswsock.dll

VM Arguments:
jvm_args: -ea -Didea.test.cyclic.buffer.size=1048576 -javaagent:F:\IntelliJ IDEA 2018.2.5\lib\idea_rt.jar=53803:F:\IntelliJ IDEA 2018.2.5\bin -Dfile.encoding=UTF-8 
java_command: com.intellij.rt.execution.junit.JUnitStarter -ideVersion5 -junit4 com.car.test.MybatisTest
java_class_path (initial): F:\IntelliJ IDEA 2018.2.5\lib\idea_rt.jar;F:\IntelliJ IDEA 2018.2.5\plugins\junit\lib\junit-rt.jar;F:\IntelliJ IDEA 2018.2.5\plugins\junit\lib\junit5-rt.jar;D:\Java\jdk1.8.0_191\jre\lib\charsets.jar;D:\Java\jdk1.8.0_191\jre\lib\deploy.jar;D:\Java\jdk1.8.0_191\jre\lib\ext\access-bridge-64.jar;D:\Java\jdk1.8.0_191\jre\lib\ext\cldrdata.jar;D:\Java\jdk1.8.0_191\jre\lib\ext\dnsns.jar;D:\Java\jdk1.8.0_191\jre\lib\ext\jaccess.jar;D:\Java\jdk1.8.0_191\jre\lib\ext\jfxrt.jar;D:\Java\jdk1.8.0_191\jre\lib\ext\localedata.jar;D:\Java\jdk1.8.0_191\jre\lib\ext\mysql-connector-java-8.0.13.jar;D:\Java\jdk1.8.0_191\jre\lib\ext\nashorn.jar;D:\Java\jdk1.8.0_191\jre\lib\ext\sunec.jar;D:\Java\jdk1.8.0_191\jre\lib\ext\sunjce_provider.jar;D:\Java\jdk1.8.0_191\jre\lib\ext\sunmscapi.jar;D:\Java\jdk1.8.0_191\jre\lib\ext\sunpkcs11.jar;D:\Java\jdk1.8.0_191\jre\lib\ext\zipfs.jar;D:\Java\jdk1.8.0_191\jre\lib\javaws.jar;D:\Java\jdk1.8.0_191\jre\lib\jce.jar;D:\Java\jdk1.8.0_191\jre\lib\jfr.jar;D:\Java\jdk1.8.0_191\jre\lib\jfxswt.jar;D:\Java\jdk1.8.0_191\jre\lib\jsse.jar;D:\Java\jdk1.8.0_191\jre\lib\management-agent.jar;D:\Java\jdk1.8.0_191\jre\lib\plugin.jar;D:\Java\jdk1.8.0_191\jre\lib\resources.jar;D:\Java\jdk1.8.0_191\jre\lib\rt.jar;F:\JavaTest\carServer\ssm\target\classes;D:\MAVEN\repository\junit\junit\4.12\junit-4.12.jar;D:\MAVEN\repository\org\hamcrest\hamcrest-core\1.3\hamcrest-core-1.3.jar;D:\MAVEN\repository\org\mybatis\mybatis\3.1.1\mybatis-3.1.1.jar;D:\MAVEN\repository\org\mybatis\mybatis-spring\1.2.3\mybatis-spring-1.2.3.jar;D:\MAVEN\repository\mysql\mysql-connector-java\8.0.13\mysql-connector-java-8.0.13.jar;D:\MAVEN\repository\com\google\protobuf\protobuf-java\3.6.1\protobuf-java-3.6.1.jar;D:\MAVEN\repository\com\alibaba\druid\1.0.18\druid-1.0.18.jar;D:\Java\jdk1.8.0_191\lib\jconsole.jar;D:\Java\jdk1.8.0_191\lib\tools.jar;D:\MAVEN\repository\com\alibaba\fastjson\1.2.32\fastjson-1.2.32.jar;D:\MAVEN\repository\org\mybatis\generator\mybatis-generator-core\1.3
Launcher Type: SUN_STANDARD

Environment Variables:
JAVA_HOME=D:\Java\jdk1.8.0_191
CLASSPATH=.;D:\Java\jdk1.8.0_191\lib;D:\Java\jdk1.8.0_191\lib\tools.jar;D:\apache-tomcat-8.0.53-windows-x64\apache-tomcat-8.0.53\lib\servlet-api.jar;.;D:\Java\jdk1.8.0_191\lib;D:\Java\jdk1.8.0_191\lib\tools.jar;D:\Java\jdk1.8.0_191\lib\mysql-connector-java-8.0.13.jar;D:\Java\sqlite-tools-win32-x86-3270200\sqlite-tools-win32-x86-3270200
PATH=C:\Program Files (x86)\Common Files\Oracle\Java\javapath;C:\Windows\system32;C:\Windows;C:\Windows\System32\Wbem;C:\Windows\System32\WindowsPowerShell\v1.0\;C:\VisTitle;C:\Program Files (x86)\NVIDIA Corporation\PhysX\Common;C:\Program Files (x86)\Microsoft SQL Server\100\Tools\Binn\;C:\Program Files\Microsoft SQL Server\100\Tools\Binn\;C:\Program Files\Microsoft SQL Server\100\DTS\Binn\;C:\Program Files (x86)\Microsoft SQL Server\100\Tools\Binn\VSShell\Common7\IDE\;C:\Program Files (x86)\Microsoft SQL Server\100\DTS\Binn\;C:\Program Files (x86)\Microsoft Visual Studio 9.0\Common7\IDE\PrivateAssemblies\;C:\Program Files (x86)\QuickTime\QTSystem\;C:\Android;C:\java\bin;D:\apache-tomcat-8.0.53-windows-x64\apache-tomcat-8.0.53\bin;D:\apache-tomcat-8.0.53-windows-x64\apache-tomcat-8.0.53\bin;D:\Java\jdk1.8.0_191\bin;C:\Program Files\MySQL\MySQL Server 8.0\bin;C:\Program Files\NVIDIA Corporation\NVIDIA NvDLISR;D:\Java\sqlite-tools-win32-x86-3270200\sqlite-tools-win32-x86-3270200;C:\Program Files\Git\cmd;C:\Users\Administrator\AppData\Local\GitHubDesktop\bin;D:\MAVEN\apache-maven-3.5.0\bin
USERNAME=Administrator
OS=Windows_NT
PROCESSOR_IDENTIFIER=Intel64 Family 6 Model 60 Stepping 3, GenuineIntel



---------------  S Y S T E M  ---------------

OS: Windows 10.0 , 64 bit Build 14393 (10.0.14393.0)

CPU:total 8 (initial active 8) (4 cores per cpu, 2 threads per core) family 6 model 60 stepping 3, cmov, cx8, fxsr, mmx, sse, sse2, sse3, ssse3, sse4.1, sse4.2, popcnt, avx, avx2, aes, clmul, erms, lzcnt, ht, tsc, tscinvbit, bmi1, bmi2

Memory: 4k page, physical 8036716k(1378748k free), swap 8036716k(30552k free)

vm_info: Java HotSpot(TM) 64-Bit Server VM (25.191-b12) for windows-amd64 JRE (1.8.0_191-b12), built on Oct  6 2018 09:29:03 by "java_re" with MS VC++ 10.0 (VS2010)

time: Tue May 14 11:08:12 2019
elapsed time: 1 seconds (0d 0h 0m 1s)

